-------------------------------------------------------------------------------
>Log Session: Thursday, May 23, 2013 11:48:30 PM CEST
>System Info: 
  Product Version         = grscript-gui 201207171143
  Operating System        = Windows 7 version 6.1 running on amd64
  Java; VM; Vendor        = 1.6.0_33; Java HotSpot(TM) 64-Bit Server VM 20.8-b03; Sun Microsystems Inc.
  Runtime                 = Java(TM) SE Runtime Environment 1.6.0_33-b05
  Java Home               = C:\Program Files\Java\jdk1.6.0_33\jre
  System Locale; Encoding = hu_HU (grscript_gui); Cp1250
  Home Directory          = C:\Users\Peti
  Current Directory       = C:\Munka\GitRepos\JRLib\NetbeansProject\grscript-gui\application\target\grscript_gui
  User Directory          = C:\Munka\GitRepos\JRLib\NetbeansProject\grscript-gui\application\target\userdir
  Cache Directory         = C:\Munka\GitRepos\JRLib\NetbeansProject\grscript-gui\application\target\userdir\var\cache
  Installation            = C:\Munka\GitRepos\JRLib\NetbeansProject\grscript-gui\application\target\grscript_gui\bin
                            C:\Munka\GitRepos\JRLib\NetbeansProject\grscript-gui\application\target\grscript_gui\etc
                            C:\Munka\GitRepos\JRLib\NetbeansProject\grscript-gui\application\target\grscript_gui\grscript_gui
                            C:\Munka\GitRepos\JRLib\NetbeansProject\grscript-gui\application\target\grscript_gui\platform
                            C:\Munka\GitRepos\JRLib\NetbeansProject\grscript-gui\application\target\grscript_gui\platform
  Boot & Ext. Classpath   = C:\Program Files\Java\jdk1.6.0_33\jre\lib\resources.jar;C:\Program Files\Java\jdk1.6.0_33\jre\lib\rt.jar;C:\Program Files\Java\jdk1.6.0_33\jre\lib\sunrsasign.jar;C:\Program Files\Java\jdk1.6.0_33\jre\lib\jsse.jar;C:\Program Files\Java\jdk1.6.0_33\jre\lib\jce.jar;C:\Program Files\Java\jdk1.6.0_33\jre\lib\charsets.jar;C:\Program Files\Java\jdk1.6.0_33\jre\lib\modules\jdk.boot.jar;C:\Program Files\Java\jdk1.6.0_33\jre\classes;C:\Program Files\Java\jdk1.6.0_33\jre\lib\ext\dnsns.jar;C:\Program Files\Java\jdk1.6.0_33\jre\lib\ext\localedata.jar;C:\Program Files\Java\jdk1.6.0_33\jre\lib\ext\sunjce_provider.jar
  Application Classpath   = C:\Munka\GitRepos\JRLib\NetbeansProject\grscript-gui\application\target\grscript_gui\platform\lib\boot.jar;C:\Munka\GitRepos\JRLib\NetbeansProject\grscript-gui\application\target\grscript_gui\platform\lib\org-openide-modules.jar;C:\Munka\GitRepos\JRLib\NetbeansProject\grscript-gui\application\target\grscript_gui\platform\lib\org-openide-util-lookup.jar;C:\Munka\GitRepos\JRLib\NetbeansProject\grscript-gui\application\target\grscript_gui\platform\lib\org-openide-util.jar;C:\Munka\GitRepos\JRLib\NetbeansProject\grscript-gui\application\target\grscript_gui\platform\lib\locale\boot_ja.jar;C:\Munka\GitRepos\JRLib\NetbeansProject\grscript-gui\application\target\grscript_gui\platform\lib\locale\boot_pt_BR.jar;C:\Munka\GitRepos\JRLib\NetbeansProject\grscript-gui\application\target\grscript_gui\platform\lib\locale\boot_ru.jar;C:\Munka\GitRepos\JRLib\NetbeansProject\grscript-gui\application\target\grscript_gui\platform\lib\locale\boot_zh_CN.jar;C:\Munka\GitRepos\JRLib\NetbeansProject\grscript-gui\application\target\grscript_gui\platform\lib\locale\org-openide-modules_ja.jar;C:\Munka\GitRepos\JRLib\NetbeansProject\grscript-gui\application\target\grscript_gui\platform\lib\locale\org-openide-modules_pt_BR.jar;C:\Munka\GitRepos\JRLib\NetbeansProject\grscript-gui\application\target\grscript_gui\platform\lib\locale\org-openide-modules_ru.jar;C:\Munka\GitRepos\JRLib\NetbeansProject\grscript-gui\application\target\grscript_gui\platform\lib\locale\org-openide-modules_zh_CN.jar;C:\Munka\GitRepos\JRLib\NetbeansProject\grscript-gui\application\target\grscript_gui\platform\lib\locale\org-openide-util-lookup_ja.jar;C:\Munka\GitRepos\JRLib\NetbeansProject\grscript-gui\application\target\grscript_gui\platform\lib\locale\org-openide-util-lookup_pt_BR.jar;C:\Munka\GitRepos\JRLib\NetbeansProject\grscript-gui\application\target\grscript_gui\platform\lib\locale\org-openide-util-lookup_ru.jar;C:\Munka\GitRepos\JRLib\NetbeansProject\grscript-gui\application\target\grscript_gui\platform\lib\locale\org-openide-util-lookup_zh_CN.jar;C:\Munka\GitRepos\JRLib\NetbeansProject\grscript-gui\application\target\grscript_gui\platform\lib\locale\org-openide-util_ja.jar;C:\Munka\GitRepos\JRLib\NetbeansProject\grscript-gui\application\target\grscript_gui\platform\lib\locale\org-openide-util_pt_BR.jar;C:\Munka\GitRepos\JRLib\NetbeansProject\grscript-gui\application\target\grscript_gui\platform\lib\locale\org-openide-util_ru.jar;C:\Munka\GitRepos\JRLib\NetbeansProject\grscript-gui\application\target\grscript_gui\platform\lib\locale\org-openide-util_zh_CN.jar;C:\Program Files\Java\jdk1.6.0_33\lib\dt.jar;C:\Program Files\Java\jdk1.6.0_33\lib\tools.jar
  Startup Classpath       = C:\Munka\GitRepos\JRLib\NetbeansProject\grscript-gui\application\target\grscript_gui\platform\core\core.jar;C:\Munka\GitRepos\JRLib\NetbeansProject\grscript-gui\application\target\grscript_gui\platform\core\org-openide-filesystems.jar;C:\Munka\GitRepos\JRLib\NetbeansProject\grscript-gui\application\target\grscript_gui\platform\core\locale\core_ja.jar;C:\Munka\GitRepos\JRLib\NetbeansProject\grscript-gui\application\target\grscript_gui\platform\core\locale\core_pt_BR.jar;C:\Munka\GitRepos\JRLib\NetbeansProject\grscript-gui\application\target\grscript_gui\platform\core\locale\core_ru.jar;C:\Munka\GitRepos\JRLib\NetbeansProject\grscript-gui\application\target\grscript_gui\platform\core\locale\core_zh_CN.jar;C:\Munka\GitRepos\JRLib\NetbeansProject\grscript-gui\application\target\grscript_gui\platform\core\locale\org-openide-filesystems_ja.jar;C:\Munka\GitRepos\JRLib\NetbeansProject\grscript-gui\application\target\grscript_gui\platform\core\locale\org-openide-filesystems_pt_BR.jar;C:\Munka\GitRepos\JRLib\NetbeansProject\grscript-gui\application\target\grscript_gui\platform\core\locale\org-openide-filesystems_ru.jar;C:\Munka\GitRepos\JRLib\NetbeansProject\grscript-gui\application\target\grscript_gui\platform\core\locale\org-openide-filesystems_zh_CN.jar;C:\Munka\GitRepos\JRLib\NetbeansProject\grscript-gui\application\target\grscript_gui\grscript_gui\core\locale\core_grscript_gui.jar
-------------------------------------------------------------------------------
WARNING [org.netbeans.core.startup.NbEvents]: The extension C:\Munka\GitRepos\JRLib\NetbeansProject\grscript-gui\application\target\grscript_gui\grscript_gui\modules\ext\org.codehaus.groovy\groovy-all-2.1.3.jar may be multiply loaded by modules: [C:\Munka\GitRepos\JRLib\NetbeansProject\grscript-gui\application\target\grscript_gui\grscript_gui\modules\org-jreserve-grscript-gui-groovy.jar, C:\Munka\GitRepos\JRLib\NetbeansProject\grscript-gui\application\target\grscript_gui\grscript_gui\modules\org-jreserve-grscript-gui-grscript.jar]; see: http://www.netbeans.org/download/dev/javadoc/org-openide-modules/org/openide/modules/doc-files/classpath.html#class-path
WARNING [org.openide.filesystems.Ordering]: Not all children in Services/MIMEResolver/ marked with the position attribute: [org-jreserve-grscript-gui-script-GRScriptDataObject-Extension.xml], but some are: [org-openide-loaders-DataLoaderPool$InstanceLoaderSystem-Extension.xml, org-netbeans-core-startup-layers-SystemFileSystem-Extension.xml]
WARNING [org.openide.filesystems.Ordering]: Not all children in Services/MIMEResolver/ marked with the position attribute: [org-jreserve-grscript-gui-script-GRScriptDataObject-Extension.xml], but some are: [org-openide-loaders-DataLoaderPool$InstanceLoaderSystem-Extension.xml, org-netbeans-core-startup-layers-SystemFileSystem-Extension.xml]
INFO [org.netbeans.core.startup.NbEvents]: Turning on modules:
	org.openide.util.lookup [8.15.1 201207171143]
	org.openide.util [8.25.1 201207171143]
	org.openide.modules [7.32.1 201207171143]
	org.openide.filesystems [7.62.1 201207171143]
	org.netbeans.api.annotations.common/1 [1.14.1 201207171143]
	org.openide.awt [7.46.1 201207171143]
	org.netbeans.api.progress/1 [1.28.1 201207171143]
	org.openide.dialogs [7.25.1 201207171143]
	org.openide.nodes [7.28.1 201207171143]
	org.openide.windows [6.55.1 201207171143]
	org.netbeans.modules.editor.mimelookup/1 [1.26.1 201207171143]
	org.openide.text [6.49.1 201207171143]
	org.netbeans.swing.tabcontrol [1.36.1 201207171143]
	org.netbeans.swing.outline [1.20.1 201207171143]
	org.openide.explorer [6.45.1 201207171143]
	org.openide.actions [6.26.1 201207171143]
	org.netbeans.modules.queries/1 [1.28.1 201207171143]
	org.openide.loaders [7.37.1 201207171143]
	org.openide.io [1.31.1 201207171143]
	org.netbeans.swing.plaf [1.25.1 201207171143]
	org.netbeans.spi.quicksearch [1.14.1 201207171143]
	org.netbeans.bootstrap/1 [2.52.1 201207171143]
	org.netbeans.core.startup/1 [1.40.1 201207171143]
	org.netbeans.modules.settings/1 [1.35.1 201207171143]
	org.netbeans.modules.sampler [1.1.1 201207171143]
	org.netbeans.modules.progress.ui [1.20.1 201207171143]
	org.netbeans.modules.print [7.13.1 201207171143]
	org.netbeans.modules.keyring [1.11.1 201207171143]
	org.netbeans.core/2 [3.33.1 201207171143]
	org.netbeans.modules.options.api/1 [1.26.1 201207171143]
	org.netbeans.modules.options.keymap [1.19.1 201207171143]
	org.netbeans.modules.masterfs/2 [2.38.1 201207171143]
	org.netbeans.libs.jna/1 [1.21.1 201207171143]
	org.netbeans.modules.masterfs.windows [1.1.1 201207171143]
	org.netbeans.modules.keyring.impl [1.7.1 201207171143]
	org.netbeans.modules.javahelp/1 [2.27.1 201207171143]
	org.netbeans.modules.favorites/1 [1.29.1 201207171143]
	org.netbeans.modules.editor.mimelookup.impl/1 [1.18.1 201207171143]
	org.netbeans.modules.autoupdate.services [1.33.1 201207171143]
	org.netbeans.core.ui/1 [1.31.1 201207171143]
	org.netbeans.modules.autoupdate.ui [1.27.1 201207171143]
	org.netbeans.libs.osgi [1.9.1 201207171143]
	org.netbeans.libs.felix [2.3.1 201207171143]
	org.netbeans.core.windows/2 [2.49.1 201207171143]
	org.netbeans.modules.core.kit [1.16.1 201207171143]
	org.netbeans.core.output2/1 [1.26.1 201207171143]
	org.netbeans.core.netigso [1.16.1 201207171143]
	org.netbeans.core.nativeaccess/1 [1.16.1 201207171143]
	org.netbeans.core.multiview/1 [1.29.1 201207171143]
	org.netbeans.core.io.ui/1 [1.16.1 201207171143]
	org.jreserve.grscript.gui.util.notification [1.0 1.0-20130523 201305231745]
	org.jreserve.grscript.gui.util.eventbus [1.0 1.0-20130523 201305231745]
	org.jreserve.grscript.gui.grscript [1.0 1.0-20130523 201305232148]
	org.jreserve.grscript.gui.groovy [1.0 1.0-20130523 201305231745]
	org.jreserve.grscript.gui.script [1.0 1.0-20130523 201305231745]
	org.jreserve.grscript.gui.script.functions [1.0 1.0-20130523 201305232137]
	org.jreserve.grscript.gui.script.function.explorer [1.0 1.0-20130523 201305231745]
	org.jreserve.grscript.gui.script.explorer [1.0 1.0-20130523 201305231745]
	org.jreserve.grscript.gui.classpath [1.0 1.0-20130523 201305231745]
	org.jreserve.grscript.gui.script.executor [1.0 1.0-20130523 201305231745]
	org.jreserve.grscript.gui.classpath.explorer [1.0 1.0-20130523 201305231745]
	org.jreserve.grscript.gui.branding [1.0 1.0-20130523 201305231745]
WARNING [org.openide.filesystems.Ordering]: Not all children in Toolbars/ marked with the position attribute: [Script], but some are: [File, Clipboard, UndoRedo, Memory, Standard.xml]
INFO [org.netbeans.core.windows.persistence]: [PersistenceManager.getTopComponentForID] Problem when deserializing TopComponent for tcID:'MultiView-GRScript#007C'. Reason: java.lang.NoSuchMethodException: org.jreserve.grscript.gui.script.editor.GRScriptEditor.<init>()

msg
msg
msg
Caused: java.lang.NoSuchMethodException: org.jreserve.grscript.gui.script.editor.GRScriptEditor.<init>()
	at java.lang.Class.getConstructor0(Class.java:2706)
	at java.lang.Class.getDeclaredConstructor(Class.java:1985)
	at org.openide.windows.TopComponent$Replacer.readObject(TopComponent.java:1788)
Caused: java.io.IOException
	at org.openide.windows.TopComponent$Replacer.readObject(TopComponent.java:1844)
	at sun.reflect.NativeMethodAccessorImpl.invoke0(Native Method)
	at sun.reflect.NativeMethodAccessorImpl.invoke(NativeMethodAccessorImpl.java:39)
	at sun.reflect.DelegatingMethodAccessorImpl.invoke(DelegatingMethodAccessorImpl.java:25)
	at java.lang.reflect.Method.invoke(Method.java:597)
	at java.io.ObjectStreamClass.invokeReadObject(ObjectStreamClass.java:969)
	at java.io.ObjectInputStream.readSerialData(ObjectInputStream.java:1848)
	at java.io.ObjectInputStream.readOrdinaryObject(ObjectInputStream.java:1752)
	at java.io.ObjectInputStream.readObject0(ObjectInputStream.java:1328)
	at java.io.ObjectInputStream.readObject(ObjectInputStream.java:350)
	at org.netbeans.core.multiview.MultiViewPeer.peerReadExternal(MultiViewPeer.java:547)
	at org.netbeans.core.multiview.MultiViewCloneableTopComponent.readExternal(MultiViewCloneableTopComponent.java:222)
	at org.openide.windows.TopComponent$Replacer.readObject(TopComponent.java:1797)
	at sun.reflect.NativeMethodAccessorImpl.invoke0(Native Method)
	at sun.reflect.NativeMethodAccessorImpl.invoke(NativeMethodAccessorImpl.java:39)
	at sun.reflect.DelegatingMethodAccessorImpl.invoke(DelegatingMethodAccessorImpl.java:25)
	at java.lang.reflect.Method.invoke(Method.java:597)
	at java.io.ObjectStreamClass.invokeReadObject(ObjectStreamClass.java:969)
	at java.io.ObjectInputStream.readSerialData(ObjectInputStream.java:1848)
	at java.io.ObjectInputStream.readOrdinaryObject(ObjectInputStream.java:1752)
	at java.io.ObjectInputStream.readObject0(ObjectInputStream.java:1328)
	at java.io.ObjectInputStream.readObject(ObjectInputStream.java:350)
	at org.netbeans.modules.settings.convertors.XMLSettingsSupport$SettingsRecognizer.readSerial(XMLSettingsSupport.java:549)
	at org.netbeans.modules.settings.convertors.XMLSettingsSupport$SettingsRecognizer.instanceCreate(XMLSettingsSupport.java:581)
	at org.netbeans.modules.settings.convertors.SerialDataConvertor$SettingsInstance.instanceCreate(SerialDataConvertor.java:424)
[catch] at org.netbeans.core.windows.persistence.PersistenceManager.getTopComponentPersistentForID(PersistenceManager.java:571)
	at org.netbeans.core.windows.persistence.PersistenceManager.getTopComponentForID(PersistenceManager.java:681)
	at org.netbeans.core.windows.PersistenceHandler.getTopComponentForID(PersistenceHandler.java:489)
	at org.netbeans.core.windows.PersistenceHandler.load(PersistenceHandler.java:156)
	at org.netbeans.core.windows.WindowSystemImpl.load(WindowSystemImpl.java:81)
	at org.netbeans.core.GuiRunLevel$InitWinSys.run(GuiRunLevel.java:234)
	at java.awt.event.InvocationEvent.dispatch(InvocationEvent.java:209)
	at java.awt.EventQueue.dispatchEventImpl(EventQueue.java:646)
	at java.awt.EventQueue.access$000(EventQueue.java:84)
	at java.awt.EventQueue$1.run(EventQueue.java:607)
	at java.awt.EventQueue$1.run(EventQueue.java:605)
	at java.security.AccessController.doPrivileged(Native Method)
	at java.security.AccessControlContext$1.doIntersectionPrivilege(AccessControlContext.java:87)
	at java.awt.EventQueue.dispatchEvent(EventQueue.java:616)
	at org.netbeans.core.TimableEventQueue.dispatchEvent(TimableEventQueue.java:158)
	at java.awt.EventDispatchThread.pumpOneEventForFilters(EventDispatchThread.java:269)
	at java.awt.EventDispatchThread.pumpEventsForFilter(EventDispatchThread.java:184)
	at java.awt.EventDispatchThread.pumpEventsForHierarchy(EventDispatchThread.java:174)
	at java.awt.EventDispatchThread.pumpEvents(EventDispatchThread.java:169)
	at java.awt.EventDispatchThread.pumpEvents(EventDispatchThread.java:161)
	at java.awt.EventDispatchThread.run(EventDispatchThread.java:122)
Content: 
<?xml version="1.0"?>
<!DOCTYPE settings PUBLIC "-//NetBeans//DTD Session settings 1.0//EN" "http://www.netbeans.org/dtds/sessionsettings-1_0.dtd">
<settings version="1.0">
    <module name="org.netbeans.core.multiview/1" spec="1.29.1"/>
    <instanceof class="java.awt.Component"/>
    <instanceof class="java.awt.Container"/>
    <instanceof class="java.awt.MenuContainer"/>
    <instanceof class="java.awt.image.ImageObserver"/>
    <instanceof class="java.io.Externalizable"/>
    <instanceof class="java.io.Serializable"/>
    <instanceof class="java.lang.Object"/>
    <instanceof class="javax.accessibility.Accessible"/>
    <instanceof class="javax.swing.JComponent"/>
    <instanceof class="javax.swing.TransferHandler$HasGetTransferHandler"/>
    <instanceof class="org.netbeans.core.multiview.MultiViewCloneableTopComponent"/>
    <instanceof class="org.netbeans.core.multiview.MultiViewModel$ActionRequestObserverFactory"/>
    <instanceof class="org.openide.text.CloneableEditorSupport$Pane"/>
    <instanceof class="org.openide.util.HelpCtx$Provider"/>
    <instanceof class="org.openide.util.Lookup$Provider"/>
    <instanceof class="org.openide.windows.CloneableTopComponent"/>
    <instanceof class="org.openide.windows.TopComponent"/>
    <instanceof class="org.openide.windows.TopComponent$Cloneable"/>
    <serialdata class="org.netbeans.core.multiview.MultiViewCloneableTopComponent">
        ACED0005737200296F72672E6F70656E6964652E77696E646F77732E546F70436F6D706F6E656E74245265706C6163657284
        874494BDDF6D64030000787074003A6F72672E6E65746265616E732E636F72652E6D756C7469766965772E4D756C74695669
        6577436C6F6E6561626C65546F70436F6D706F6E656E747372000F6A6176612E6C616E672E53686F7274684D37133460DA52
        02000153000576616C7565787200106A6176612E6C616E672E4E756D62657286AC951D0B94E08B0200007870000177040000
        00017400007070737200316F72672E6F70656E6964652E77696E646F77732E436C6F6E6561626C654F70656E537570706F72
        74244C697374656E6572E525E314060C682D0200014C0003656E7674002E4C6F72672F6F70656E6964652F77696E646F7773
        2F436C6F6E6561626C654F70656E537570706F727424456E763B7872002D6F72672E6F70656E6964652E77696E646F77732E
        436C6F6E6561626C65546F70436F6D706F6E656E74245265664CED3888AC524ABC0200007870737200396F72672E6E657462
        65616E732E6D6F64756C65732E6F70656E6964652E6C6F61646572732E53696D706C65455324456E7669726F6E6D656E744B
        A762A1D4D7CAE70200014C0005656E74727974002B4C6F72672F6F70656E6964652F6C6F61646572732F4D756C7469446174
        614F626A65637424456E7472793B787200266F72672E6F70656E6964652E746578742E44617461456469746F72537570706F
        727424456E76D720E894A9D2FA27020000787200236F72672E6F70656E6964652E6C6F61646572732E4F70656E537570706F
        727424456E76E525E314060C682D0200014C00036F626A7400204C6F72672F6F70656E6964652F6C6F61646572732F446174
        614F626A6563743B7870737200266F72672E6F70656E6964652E6C6F61646572732E446174614F626A656374245265706C61
        6365F7497413DEEC538E0200014C0002666F7400244C6F72672F6F70656E6964652F66696C6573797374656D732F46696C65
        4F626A6563743B78707372004D6F72672E6E65746265616E732E6D6F64756C65732E6D617374657266732E66696C65626173
        656466732E66696C656F626A656374732E5265706C616365466F7253657269616C697A6174696F6E98978CE6D3E9619F0200
        014C000C6162736F6C757465506174687400124C6A6176612F6C616E672F537472696E673B787074001E433A5C4D756E6B61
        5C547269616E676C655C47525363726970742E677273737200306F72672E6F70656E6964652E6C6F61646572732E4D756C74
        69446174614F626A65637424456E7472795265706C616365EB3332ABDAFB88A20200014C000466696C6571007E0012787071
        007E001674000F746578742F782D677273637269707471007E001374000847525363726970747371007E00007400366F7267
        2E6A726573657276652E67727363726970742E6775692E7363726970742E656469746F722E4752536372697074456469746F
        727371007E0003000177040000000170707078737200116A6176612E6C616E672E496E746567657212E2A0A4F78187380200
        0149000576616C75657871007E00040000000078
    </serialdata>
</settings>
ALL [null]: Source: MultiFileObject@3bc634b9[Windows2Local/Components/MultiView-GRScript#007C.settings]
ALL [null]: Cannot read class: org.netbeans.core.multiview.MultiViewCloneableTopComponent
Diagnostic information
Input arguments:
	-Xms24m
	-Xmx64m
	-XX:MaxPermSize=384m
	-Dnetbeans.logger.console=true
	-ea
	-Dnetbeans.user.dir=C:\Munka\GitRepos\JRLib\NetbeansProject\grscript-gui\application
	-Djdk.home=C:\Program
	Files\Java\jdk1.6.0_33
	-splash:C:\Munka\GitRepos\JRLib\NetbeansProject\grscript-gui\application\target\userdir\var\cache\splash.png
	-Dnetbeans.home=C:\Munka\GitRepos\JRLib\NetbeansProject\grscript-gui\application\target\grscript_gui\platform
	-Dnetbeans.user=C:\Munka\GitRepos\JRLib\NetbeansProject\grscript-gui\application\target\userdir
	-Dnetbeans.default_userdir_root=
	-XX:+HeapDumpOnOutOfMemoryError
	-XX:HeapDumpPath=C:\Munka\GitRepos\JRLib\NetbeansProject\grscript-gui\application\target\userdir\var\log\heapdump.hprof
	-Dnetbeans.system_http_proxy=DIRECT
	-Dsun.awt.keepWorkingSetOnMinimize=true
	-Dnetbeans.dirs=C:\Munka\GitRepos\JRLib\NetbeansProject\grscript-gui\application\target\grscript_gui\bin;C:\Munka\GitRepos\JRLib\NetbeansProject\grscript-gui\application\target\grscript_gui\etc;C:\Munka\GitRepos\JRLib\NetbeansProject\grscript-gui\application\target\grscript_gui\grscript_gui;C:\Munka\GitRepos\JRLib\NetbeansProject\grscript-gui\application\target\grscript_gui\platform
Compiler: HotSpot 64-Bit Tiered Compilers
Heap memory usage: initial 24,0MB maximum 56,9MB
Non heap memory usage: initial 23,2MB maximum 432,0MB
Garbage collector: PS Scavenge (Collections=12 Total time spent=0s)
Garbage collector: PS MarkSweep (Collections=0 Total time spent=0s)
Classes: loaded=5373 total loaded=5373 unloaded 0
INFO [org.netbeans.core.ui.warmup.DiagnosticTask]: Total memory 8 535 261 184
INFO [null]: Total physical memory 8 535 261 184
WARNING [org.openide.filesystems.Ordering]: Found same position 1 300 for both Menu/File/org-jreserve-grscript-gui-classpath-explorer-actions-AddClassPathItemAction.shadow and Menu/File/org-jreserve-grscript-gui-script-explorer-actions-CreateScriptFolderAction.shadow
WARNING [org.openide.filesystems.Ordering]: Not all children in Menu/Window/ marked with the position attribute: [org-jreserve-grscript-gui-classpath-explorer-ClassPathExplorerTopComponent.shadow, org-jreserve-grscript-gui-script-explorer-ScriptExplorerTopComponent.shadow, org-jreserve-grscript-gui-script-function-explorer-FunctionExplorerTopComponent.shadow, org-jreserve-grscript-gui-script-function-explorer-HelpTopComponent.shadow], but some are: [org-jreserve-grscript-gui-classpath-ClassPathExplorerTopComponent.shadow, org-netbeans-modules-favorites-View.shadow, org-netbeans-core-windows-actions-GlobalPropertiesAction.shadow, Output, SwitchToRecentDocumentAction.shadow, ProgressListAction.shadow, Separator3.instance, ConfigureWindow, org-netbeans-core-windows-actions-ResetWindowsAction.shadow, Separator4.instance, CloseWindowAction.shadow, CloseAllDocumentsAction.shadow, CloseAllButThisAction.shadow, DocumentsAction.shadow]
WARNING [org.netbeans.ProxyClassLoader]: Will not load class groovyjarjarantlr.CommonToken arbitrarily from one of ModuleCL@370a5c21[org.jreserve.grscript.gui.grscript] and ModuleCL@7d56b386[org.jreserve.grscript.gui.groovy] starting from SystemClassLoader[62 modules]; see http://wiki.netbeans.org/DevFaqModuleCCE
INFO [org.netbeans.TopSecurityManager]
java.lang.Exception: Dangerous reflection access to sun.misc.Cleaner by class org.netbeans.core.output2.FileMapStorage detected!
[catch] at org.netbeans.TopSecurityManager.checkMemberAccess(TopSecurityManager.java:429)
	at java.lang.Class.checkMemberAccess(Class.java:2157)
	at java.lang.Class.getMethod(Class.java:1602)
	at org.netbeans.core.output2.FileMapStorage.unmap(FileMapStorage.java:322)
	at org.netbeans.core.output2.FileMapStorage.access$400(FileMapStorage.java:62)
	at org.netbeans.core.output2.FileMapStorage$MappedBufferResource.releaseBuffer(FileMapStorage.java:459)
	at org.netbeans.core.output2.FileMapStorage$1.run(FileMapStorage.java:127)
